0 info it worked if it ends with ok
1 verbose cli [ '/usr/local/bin/node', '/usr/local/bin/npm', 'search', 'mysql' ]
2 info using npm@2.15.8
3 info using node@v4.4.7
4 silly mapToRegistry name -/all
5 silly mapToRegistry using default registry
6 silly mapToRegistry registry http://registry.npm.taobao.org/
7 silly mapToRegistry data Result {
7 silly mapToRegistry   raw: '-/all',
7 silly mapToRegistry   scope: null,
7 silly mapToRegistry   name: null,
7 silly mapToRegistry   rawSpec: '-/all',
7 silly mapToRegistry   spec: '/Users/zhaoqi/node/ejs/microblog/bin/-/all',
7 silly mapToRegistry   type: 'local' }
8 silly mapToRegistry uri http://registry.npm.taobao.org/-/all
9 info updateIndex /Users/zhaoqi/.npm/registry.npm.taobao.org/-/all/.cache.json
10 verbose correctMkdir /Users/zhaoqi/.npm correctMkdir not in flight; initializing
11 warn Building the local index for the first time, please be patient
12 silly update-index fetching http://registry.npm.taobao.org/-/all
13 verbose request uri http://registry.npm.taobao.org/-/all
14 verbose request no auth needed
15 info attempt registry request try #1 at 20:05:17
16 verbose request id 61930cc51a312646
17 http request GET http://registry.npm.taobao.org/-/all
18 http 200 http://registry.npm.taobao.org/-/all
19 verbose headers { server: 'nginx/1.4.6 (Ubuntu)',
19 verbose headers   date: 'Thu, 20 Oct 2016 12:05:22 GMT',
19 verbose headers   'content-type': 'application/json; charset=utf-8',
19 verbose headers   'transfer-encoding': 'chunked',
19 verbose headers   connection: 'keep-alive',
19 verbose headers   'x-current-requests': '1',
19 verbose headers   'x-readtime': '3424',
19 verbose headers   'content-encoding': 'gzip' }
20 verbose stack Error: true true: -/all
20 verbose stack     at makeError (/usr/local/lib/node_modules/npm/node_modules/npm-registry-client/lib/request.js:264:12)
20 verbose stack     at CachingRegistryClient.<anonymous> (/usr/local/lib/node_modules/npm/node_modules/npm-registry-client/lib/request.js:252:14)
20 verbose stack     at /usr/local/lib/node_modules/npm/node_modules/npm-registry-client/lib/request.js:178:7
20 verbose stack     at Gunzip.onEnd (zlib.js:227:5)
20 verbose stack     at emitNone (events.js:72:20)
20 verbose stack     at Gunzip.emit (events.js:166:7)
20 verbose stack     at endReadableNT (_stream_readable.js:921:12)
20 verbose stack     at nextTickCallbackWith2Args (node.js:442:9)
20 verbose stack     at process._tickCallback (node.js:356:17)
21 verbose statusCode 200
22 verbose cwd /Users/zhaoqi/node/ejs/microblog/bin
23 error Darwin 16.0.0
24 error argv "/usr/local/bin/node" "/usr/local/bin/npm" "search" "mysql"
25 error node v4.4.7
26 error npm  v2.15.8
27 error code E200
28 error true true: -/all
29 error If you need help, you may report this error at:
29 error     <https://github.com/npm/npm/issues>
30 verbose exit [ 1, true ]
